2014-05-08 14:27:41,029 - model - DEBUG - File logging to wflow_mini/run_default/wflow.log
2014-05-08 14:27:41,030 - model - INFO - model no version Case: wflow_mini Runid: run_default
2014-05-08 14:27:41,035 - model - INFO - running for 5 timesteps
2014-05-08 14:27:41,062 - model - INFO - Linking parameters to landuse, catchment and soil...
2014-05-08 14:27:41,063 - model - WARNING - tbl file not found (wflow_mini//intbl/RunoffGeneratingGWPerc.tbl) returning default value: 0.1
2014-05-08 14:27:41,066 - model - WARNING - tbl file not found (wflow_mini//intbl/MaxCanopyStorage.tbl) returning default value: 1.0
2014-05-08 14:27:41,068 - model - WARNING - tbl file not found (wflow_mini//intbl/EoverR.tbl) returning default value: 0.1
2014-05-08 14:27:41,069 - model - WARNING - tbl file not found (wflow_mini//intbl/CanopyGapFraction.tbl) returning default value: 0.1
2014-05-08 14:27:41,071 - model - WARNING - tbl file not found (wflow_mini//intbl/RootingDepth.tbl) returning default value: 750.0
2014-05-08 14:27:41,072 - model - WARNING - tbl file not found (wflow_mini//intbl/rootdistpar.tbl) returning default value: -8000
2014-05-08 14:27:41,073 - model - WARNING - tbl file not found (wflow_mini//intbl/InfiltCapSoil.tbl) returning default value: 100.0
2014-05-08 14:27:41,075 - model - WARNING - tbl file not found (wflow_mini//intbl/CapScale.tbl) returning default value: 100.0
2014-05-08 14:27:41,076 - model - WARNING - tbl file not found (wflow_mini//intbl/InfiltCapPath.tbl) returning default value: 10.0
2014-05-08 14:27:41,078 - model - INFO - Creating map from table: wflow_mini//intbl/MaxLeakage.tbl
2014-05-08 14:27:41,079 - model - WARNING - tbl file not found (wflow_mini//intbl/PathFrac.tbl) returning default value: 0.01
2014-05-08 14:27:41,082 - model - WARNING - tbl file not found (wflow_mini//intbl/FirstZoneCapacity.tbl) returning default value: 2000.0
2014-05-08 14:27:41,082 - model - WARNING - tbl file not found (wflow_mini//intbl/thetaR.tbl) returning default value: 0.01
2014-05-08 14:27:41,084 - model - WARNING - tbl file not found (wflow_mini//intbl/thetaS.tbl) returning default value: 0.6
2014-05-08 14:27:41,085 - model - WARNING - tbl file not found (wflow_mini//intbl/FirstZoneMinCapacity.tbl) returning default value: 500.0
2014-05-08 14:27:41,086 - model - WARNING - tbl file not found (wflow_mini//intbl/FirstZoneKsatVer.tbl) returning default value: 3000.0
2014-05-08 14:27:41,088 - model - WARNING - tbl file not found (wflow_mini//intbl/M.tbl) returning default value: 300.0
2014-05-08 14:27:41,089 - model - INFO - Creating map from table: wflow_mini//intbl/N.tbl
2014-05-08 14:27:41,091 - model - INFO - Creating map from table: wflow_mini//intbl/N_River.tbl
2014-05-08 14:27:41,092 - model - WARNING - tbl file not found (wflow_mini//intbl/WaterFrac.tbl) returning default value: 0.0
2014-05-08 14:27:41,094 - model - INFO - Creating map from table: wflow_mini//intbl/TTI.tbl
2014-05-08 14:27:41,095 - model - INFO - Creating map from table: wflow_mini//intbl/TT.tbl
2014-05-08 14:27:41,096 - model - INFO - Creating map from table: wflow_mini//intbl/Cfmax.tbl
2014-05-08 14:27:41,098 - model - INFO - Creating map from table: wflow_mini//intbl/WHC.tbl
2014-05-08 14:27:41,101 - model - WARNING - tbl file not found (wflow_mini//intbl/w_soil.tbl) returning default value: 0.1125
2014-05-08 14:27:41,102 - model - WARNING - tbl file not found (wflow_mini//intbl/cf_soil.tbl) returning default value: 0.038
2014-05-08 14:27:41,112 - model - INFO - Initializing of model variables..
2014-05-08 14:27:41,118 - model - INFO - Saving summary maps...
2014-05-08 14:27:41,161 - model - INFO - End of initial section
2014-05-08 14:27:41,163 - model - INFO - Setting initial conditions from state files
2014-05-08 14:27:41,210 - model - DEBUG - Step: 1/5
2014-05-08 14:27:41,213 - model - WARNING - Forcing data (wflow_mini//inmaps\IF000000.001) for timestep not present, returning <pcraster._pcraster.Field object at 0x000000000854F458>
2014-05-08 14:27:41,243 - model - DEBUG - Step: 2/5
2014-05-08 14:27:41,244 - model - WARNING - Forcing data (wflow_mini//inmaps\IF000000.002) for timestep not present, returning <pcraster._pcraster.Field object at 0x0000000008552D48>
2014-05-08 14:27:41,275 - model - DEBUG - Step: 3/5
2014-05-08 14:27:41,276 - model - WARNING - Forcing data (wflow_mini//inmaps\IF000000.003) for timestep not present, returning <pcraster._pcraster.Field object at 0x0000000008552C78>
2014-05-08 14:27:41,306 - model - DEBUG - Step: 4/5
2014-05-08 14:27:41,309 - model - WARNING - Forcing data (wflow_mini//inmaps\IF000000.004) for timestep not present, returning <pcraster._pcraster.Field object at 0x000000000854E938>
2014-05-08 14:27:41,338 - model - DEBUG - Step: 5/5
2014-05-08 14:27:41,341 - model - WARNING - Forcing data (wflow_mini//inmaps\IF000000.005) for timestep not present, returning <pcraster._pcraster.Field object at 0x000000000854F5F8>
2014-05-08 14:27:41,371 - model - INFO - Saving initial conditions...
