2017-08-22 14:53:01,118 - model - DEBUG - File logging to C:\workdir\wflow-master\examples\wflow_ganga_sphy\run_default\wflow.log
2017-08-22 14:53:01,118 - model - INFO - model 1.0.master.1 Case: C:\workdir\wflow-master\examples\wflow_ganga_sphy Runid: run_default
2017-08-22 14:53:01,118 - model - INFO - Initialise framework version: 1.0.master(1.0.master.1)
2017-08-22 14:53:01,134 - model - WARNING - Ini file made for sphy but found __main__ in code.
2017-08-22 14:53:01,318 - model - INFO - Adding csv output at C:\workdir\wflow-master\examples\wflow_ganga_sphy\staticmaps/outlets.map function: average
2017-08-22 14:53:01,318 - model - INFO - Command line: ['wflow_ganga_sphy']
2017-08-22 14:53:01,318 - model - INFO - running for 365 timesteps
2017-08-22 14:53:43,950 - model - INFO - Adding Prec to model.
2017-08-22 14:53:43,950 - model - DEBUG - Static input data (C:\workdir\wflow-master\examples\wflow_ganga_sphy\inmaps\prec\prec.map)  not present, returning 0.0
2017-08-22 14:53:43,950 - model - INFO - Adding Tair to model.
2017-08-22 14:53:43,950 - model - DEBUG - Static input data (C:\workdir\wflow-master\examples\wflow_ganga_sphy\inmaps\tavg\tavg.map)  not present, returning 0.0
2017-08-22 14:53:43,967 - model - INFO - Adding Tmax to model.
2017-08-22 14:53:43,967 - model - DEBUG - Static input data (C:\workdir\wflow-master\examples\wflow_ganga_sphy\inmaps\tmax\tmax.map)  not present, returning 0.0
2017-08-22 14:53:43,967 - model - INFO - Adding Tmin to model.
2017-08-22 14:53:43,967 - model - DEBUG - Static input data (C:\workdir\wflow-master\examples\wflow_ganga_sphy\inmaps\tmin\tmin.map)  not present, returning 0.0
2017-08-22 14:53:43,984 - model - DEBUG - State input data (C:\workdir\wflow-master\examples\wflow_ganga_sphy\instate\RootWater_0.map)  not present, returning 0.0
2017-08-22 14:53:44,000 - model - DEBUG - State input data (C:\workdir\wflow-master\examples\wflow_ganga_sphy\instate\SubWater_0.map)  not present, returning 0.0
2017-08-22 14:53:44,000 - model - DEBUG - State input data (C:\workdir\wflow-master\examples\wflow_ganga_sphy\instate\CapRise_0.map)  not present, returning 0.0
2017-08-22 14:53:44,017 - model - DEBUG - State input data (C:\workdir\wflow-master\examples\wflow_ganga_sphy\instate\RootDrain_0.map)  not present, returning 0.0
2017-08-22 14:53:44,033 - model - DEBUG - State input data (C:\workdir\wflow-master\examples\wflow_ganga_sphy\instate\SubDrain_0.map)  not present, returning 0.0
2017-08-22 14:53:44,033 - model - DEBUG - State input data (C:\workdir\wflow-master\examples\wflow_ganga_sphy\instate\GwRecharge_0.map)  not present, returning 0.0
2017-08-22 14:53:44,051 - model - DEBUG - State input data (C:\workdir\wflow-master\examples\wflow_ganga_sphy\instate\Gw_0.map)  not present, returning 0.0
2017-08-22 14:53:44,068 - model - DEBUG - State input data (C:\workdir\wflow-master\examples\wflow_ganga_sphy\instate\H_gw_0.map)  not present, returning 0.0
2017-08-22 14:53:44,068 - model - DEBUG - State input data (C:\workdir\wflow-master\examples\wflow_ganga_sphy\instate\SnowWatStore_0.map)  not present, returning 0.0
2017-08-22 14:53:48,092 - model - DEBUG - timestep: 1/365 (1958-01-01 00:00:00+00:00)
2017-08-22 14:53:52,167 - model - DEBUG - timestep: 2/365 (1958-01-02 00:00:00+00:00)
2017-08-22 14:53:56,234 - model - DEBUG - timestep: 3/365 (1958-01-03 00:00:00+00:00)
2017-08-22 14:54:00,301 - model - DEBUG - timestep: 4/365 (1958-01-04 00:00:00+00:00)
2017-08-22 14:54:04,384 - model - DEBUG - timestep: 5/365 (1958-01-05 00:00:00+00:00)
2017-08-22 14:54:08,464 - model - DEBUG - timestep: 6/365 (1958-01-06 00:00:00+00:00)
2017-08-22 14:54:12,546 - model - DEBUG - timestep: 7/365 (1958-01-07 00:00:00+00:00)
2017-08-22 14:54:16,634 - model - DEBUG - timestep: 8/365 (1958-01-08 00:00:00+00:00)
2017-08-22 14:54:20,734 - model - DEBUG - timestep: 9/365 (1958-01-09 00:00:00+00:00)
2017-08-22 14:54:24,821 - model - DEBUG - timestep: 10/365 (1958-01-10 00:00:00+00:00)
2017-08-22 14:54:28,946 - model - DEBUG - timestep: 11/365 (1958-01-11 00:00:00+00:00)
2017-08-22 14:54:33,084 - model - DEBUG - timestep: 12/365 (1958-01-12 00:00:00+00:00)
2017-08-22 14:54:37,200 - model - DEBUG - timestep: 13/365 (1958-01-13 00:00:00+00:00)
2017-08-22 14:54:41,351 - model - DEBUG - timestep: 14/365 (1958-01-14 00:00:00+00:00)
2017-08-22 14:54:45,496 - model - DEBUG - timestep: 15/365 (1958-01-15 00:00:00+00:00)
2017-08-22 14:54:49,615 - model - DEBUG - timestep: 16/365 (1958-01-16 00:00:00+00:00)
2017-08-22 14:54:53,750 - model - DEBUG - timestep: 17/365 (1958-01-17 00:00:00+00:00)
2017-08-22 14:54:57,917 - model - DEBUG - timestep: 18/365 (1958-01-18 00:00:00+00:00)
2017-08-22 14:55:02,082 - model - DEBUG - timestep: 19/365 (1958-01-19 00:00:00+00:00)
2017-08-22 14:55:06,223 - model - DEBUG - timestep: 20/365 (1958-01-20 00:00:00+00:00)
2017-08-22 14:55:10,368 - model - DEBUG - timestep: 21/365 (1958-01-21 00:00:00+00:00)
2017-08-22 14:55:14,517 - model - DEBUG - timestep: 22/365 (1958-01-22 00:00:00+00:00)
2017-08-22 14:55:18,667 - model - DEBUG - timestep: 23/365 (1958-01-23 00:00:00+00:00)
2017-08-22 14:55:22,806 - model - DEBUG - timestep: 24/365 (1958-01-24 00:00:00+00:00)
2017-08-22 14:55:26,940 - model - DEBUG - timestep: 25/365 (1958-01-25 00:00:00+00:00)
2017-08-22 14:55:31,081 - model - DEBUG - timestep: 26/365 (1958-01-26 00:00:00+00:00)
2017-08-22 14:55:35,217 - model - DEBUG - timestep: 27/365 (1958-01-27 00:00:00+00:00)
2017-08-22 14:55:39,384 - model - DEBUG - timestep: 28/365 (1958-01-28 00:00:00+00:00)
2017-08-22 14:55:43,546 - model - DEBUG - timestep: 29/365 (1958-01-29 00:00:00+00:00)
2017-08-22 14:55:47,719 - model - DEBUG - timestep: 30/365 (1958-01-30 00:00:00+00:00)
2017-08-22 14:55:51,859 - model - DEBUG - timestep: 31/365 (1958-01-31 00:00:00+00:00)
2017-08-22 14:55:56,030 - model - DEBUG - timestep: 32/365 (1958-02-01 00:00:00+00:00)
2017-08-22 14:56:00,217 - model - DEBUG - timestep: 33/365 (1958-02-02 00:00:00+00:00)
2017-08-22 14:56:04,368 - model - DEBUG - timestep: 34/365 (1958-02-03 00:00:00+00:00)
2017-08-22 14:56:08,515 - model - DEBUG - timestep: 35/365 (1958-02-04 00:00:00+00:00)
2017-08-22 14:56:12,671 - model - DEBUG - timestep: 36/365 (1958-02-05 00:00:00+00:00)
2017-08-22 14:56:16,857 - model - DEBUG - timestep: 37/365 (1958-02-06 00:00:00+00:00)
2017-08-22 14:56:20,997 - model - DEBUG - timestep: 38/365 (1958-02-07 00:00:00+00:00)
2017-08-22 14:56:25,118 - model - DEBUG - timestep: 39/365 (1958-02-08 00:00:00+00:00)
2017-08-22 14:56:29,267 - model - DEBUG - timestep: 40/365 (1958-02-09 00:00:00+00:00)
2017-08-22 14:56:33,401 - model - DEBUG - timestep: 41/365 (1958-02-10 00:00:00+00:00)
2017-08-22 14:56:37,562 - model - DEBUG - timestep: 42/365 (1958-02-11 00:00:00+00:00)
2017-08-22 14:56:41,714 - model - DEBUG - timestep: 43/365 (1958-02-12 00:00:00+00:00)
2017-08-22 14:56:45,868 - model - DEBUG - timestep: 44/365 (1958-02-13 00:00:00+00:00)
2017-08-22 14:56:50,017 - model - DEBUG - timestep: 45/365 (1958-02-14 00:00:00+00:00)
2017-08-22 14:56:54,151 - model - DEBUG - timestep: 46/365 (1958-02-15 00:00:00+00:00)
2017-08-22 14:56:58,351 - model - DEBUG - timestep: 47/365 (1958-02-16 00:00:00+00:00)
2017-08-22 14:57:02,530 - model - DEBUG - timestep: 48/365 (1958-02-17 00:00:00+00:00)
2017-08-22 14:57:06,767 - model - DEBUG - timestep: 49/365 (1958-02-18 00:00:00+00:00)
2017-08-22 14:57:11,151 - model - DEBUG - timestep: 50/365 (1958-02-19 00:00:00+00:00)
2017-08-22 14:57:15,585 - model - DEBUG - timestep: 51/365 (1958-02-20 00:00:00+00:00)
2017-08-22 14:57:19,964 - model - DEBUG - timestep: 52/365 (1958-02-21 00:00:00+00:00)
2017-08-22 14:57:24,140 - model - DEBUG - timestep: 53/365 (1958-02-22 00:00:00+00:00)
2017-08-22 14:57:28,467 - model - DEBUG - timestep: 54/365 (1958-02-23 00:00:00+00:00)
2017-08-22 14:57:32,671 - model - DEBUG - timestep: 55/365 (1958-02-24 00:00:00+00:00)
2017-08-22 14:57:36,834 - model - DEBUG - timestep: 56/365 (1958-02-25 00:00:00+00:00)
2017-08-22 14:57:41,184 - model - DEBUG - timestep: 57/365 (1958-02-26 00:00:00+00:00)
2017-08-22 14:57:45,746 - model - DEBUG - timestep: 58/365 (1958-02-27 00:00:00+00:00)
2017-08-22 14:57:49,997 - model - DEBUG - timestep: 59/365 (1958-02-28 00:00:00+00:00)
2017-08-22 14:57:54,335 - model - DEBUG - timestep: 60/365 (1958-03-01 00:00:00+00:00)
2017-08-22 14:57:58,858 - model - DEBUG - timestep: 61/365 (1958-03-02 00:00:00+00:00)
2017-08-22 14:58:03,013 - model - DEBUG - timestep: 62/365 (1958-03-03 00:00:00+00:00)
2017-08-22 14:58:07,217 - model - DEBUG - timestep: 63/365 (1958-03-04 00:00:00+00:00)
2017-08-22 14:58:11,700 - model - DEBUG - timestep: 64/365 (1958-03-05 00:00:00+00:00)
2017-08-22 14:58:16,125 - model - DEBUG - timestep: 65/365 (1958-03-06 00:00:00+00:00)
2017-08-22 14:58:20,250 - model - DEBUG - timestep: 66/365 (1958-03-07 00:00:00+00:00)
2017-08-22 14:58:24,351 - model - DEBUG - timestep: 67/365 (1958-03-08 00:00:00+00:00)
2017-08-22 14:58:28,499 - model - DEBUG - timestep: 68/365 (1958-03-09 00:00:00+00:00)
2017-08-22 14:58:32,642 - model - DEBUG - timestep: 69/365 (1958-03-10 00:00:00+00:00)
2017-08-22 14:58:37,155 - model - DEBUG - timestep: 70/365 (1958-03-11 00:00:00+00:00)
2017-08-22 14:58:41,351 - model - DEBUG - timestep: 71/365 (1958-03-12 00:00:00+00:00)
2017-08-22 14:58:45,467 - model - DEBUG - timestep: 72/365 (1958-03-13 00:00:00+00:00)
2017-08-22 14:58:49,592 - model - DEBUG - timestep: 73/365 (1958-03-14 00:00:00+00:00)
2017-08-22 14:58:53,765 - model - DEBUG - timestep: 74/365 (1958-03-15 00:00:00+00:00)
2017-08-22 14:58:57,904 - model - DEBUG - timestep: 75/365 (1958-03-16 00:00:00+00:00)
2017-08-22 14:59:02,046 - model - DEBUG - timestep: 76/365 (1958-03-17 00:00:00+00:00)
2017-08-22 14:59:06,217 - model - DEBUG - timestep: 77/365 (1958-03-18 00:00:00+00:00)
2017-08-22 14:59:10,367 - model - DEBUG - timestep: 78/365 (1958-03-19 00:00:00+00:00)
2017-08-22 14:59:14,529 - model - DEBUG - timestep: 79/365 (1958-03-20 00:00:00+00:00)
2017-08-22 14:59:18,812 - model - DEBUG - timestep: 80/365 (1958-03-21 00:00:00+00:00)
2017-08-22 14:59:22,969 - model - DEBUG - timestep: 81/365 (1958-03-22 00:00:00+00:00)
2017-08-22 14:59:27,177 - model - DEBUG - timestep: 82/365 (1958-03-23 00:00:00+00:00)
2017-08-22 14:59:31,484 - model - DEBUG - timestep: 83/365 (1958-03-24 00:00:00+00:00)
2017-08-22 14:59:35,726 - model - DEBUG - timestep: 84/365 (1958-03-25 00:00:00+00:00)
2017-08-22 14:59:39,874 - model - DEBUG - timestep: 85/365 (1958-03-26 00:00:00+00:00)
2017-08-22 14:59:44,085 - model - DEBUG - timestep: 86/365 (1958-03-27 00:00:00+00:00)
2017-08-22 14:59:48,325 - model - DEBUG - timestep: 87/365 (1958-03-28 00:00:00+00:00)
2017-08-22 14:59:52,483 - model - DEBUG - timestep: 88/365 (1958-03-29 00:00:00+00:00)
2017-08-22 14:59:56,983 - model - DEBUG - timestep: 89/365 (1958-03-30 00:00:00+00:00)
2017-08-22 15:00:01,450 - model - DEBUG - timestep: 90/365 (1958-03-31 00:00:00+00:00)
2017-08-22 15:00:05,671 - model - DEBUG - timestep: 91/365 (1958-04-01 00:00:00+00:00)
2017-08-22 15:00:09,875 - model - DEBUG - timestep: 92/365 (1958-04-02 00:00:00+00:00)
2017-08-22 15:00:14,051 - model - DEBUG - timestep: 93/365 (1958-04-03 00:00:00+00:00)
2017-08-22 15:00:18,210 - model - DEBUG - timestep: 94/365 (1958-04-04 00:00:00+00:00)
2017-08-22 15:00:22,351 - model - DEBUG - timestep: 95/365 (1958-04-05 00:00:00+00:00)
2017-08-22 15:00:26,529 - model - DEBUG - timestep: 96/365 (1958-04-06 00:00:00+00:00)
2017-08-22 15:00:30,717 - model - DEBUG - timestep: 97/365 (1958-04-07 00:00:00+00:00)
2017-08-22 15:00:34,904 - model - DEBUG - timestep: 98/365 (1958-04-08 00:00:00+00:00)
2017-08-22 15:00:39,076 - model - DEBUG - timestep: 99/365 (1958-04-09 00:00:00+00:00)
2017-08-22 15:00:43,239 - model - DEBUG - timestep: 100/365 (1958-04-10 00:00:00+00:00)
2017-08-22 15:00:47,717 - model - DEBUG - timestep: 101/365 (1958-04-11 00:00:00+00:00)
2017-08-22 15:00:52,042 - model - DEBUG - timestep: 102/365 (1958-04-12 00:00:00+00:00)
2017-08-22 15:00:56,318 - model - DEBUG - timestep: 103/365 (1958-04-13 00:00:00+00:00)
2017-08-22 15:01:00,584 - model - DEBUG - timestep: 104/365 (1958-04-14 00:00:00+00:00)
2017-08-22 15:01:04,750 - model - DEBUG - timestep: 105/365 (1958-04-15 00:00:00+00:00)
2017-08-22 15:01:08,983 - model - DEBUG - timestep: 106/365 (1958-04-16 00:00:00+00:00)
2017-08-22 15:01:13,174 - model - DEBUG - timestep: 107/365 (1958-04-17 00:00:00+00:00)
2017-08-22 15:01:17,384 - model - DEBUG - timestep: 108/365 (1958-04-18 00:00:00+00:00)
2017-08-22 15:01:21,576 - model - DEBUG - timestep: 109/365 (1958-04-19 00:00:00+00:00)
2017-08-22 15:01:25,851 - model - DEBUG - timestep: 110/365 (1958-04-20 00:00:00+00:00)
2017-08-22 15:01:30,140 - model - DEBUG - timestep: 111/365 (1958-04-21 00:00:00+00:00)
2017-08-22 15:01:34,467 - model - DEBUG - timestep: 112/365 (1958-04-22 00:00:00+00:00)
2017-08-22 15:01:38,848 - model - DEBUG - timestep: 113/365 (1958-04-23 00:00:00+00:00)
2017-08-22 15:01:43,125 - model - DEBUG - timestep: 114/365 (1958-04-24 00:00:00+00:00)
2017-08-22 15:01:47,285 - model - DEBUG - timestep: 115/365 (1958-04-25 00:00:00+00:00)
2017-08-22 15:01:51,450 - model - DEBUG - timestep: 116/365 (1958-04-26 00:00:00+00:00)
2017-08-22 15:01:55,592 - model - DEBUG - timestep: 117/365 (1958-04-27 00:00:00+00:00)
2017-08-22 15:01:59,749 - model - DEBUG - timestep: 118/365 (1958-04-28 00:00:00+00:00)
2017-08-22 15:02:03,914 - model - DEBUG - timestep: 119/365 (1958-04-29 00:00:00+00:00)
2017-08-22 15:02:08,269 - model - DEBUG - timestep: 120/365 (1958-04-30 00:00:00+00:00)
2017-08-22 15:02:12,568 - model - DEBUG - timestep: 121/365 (1958-05-01 00:00:00+00:00)
2017-08-22 15:02:16,881 - model - DEBUG - timestep: 122/365 (1958-05-02 00:00:00+00:00)
2017-08-22 15:02:21,118 - model - DEBUG - timestep: 123/365 (1958-05-03 00:00:00+00:00)
2017-08-22 15:02:25,434 - model - DEBUG - timestep: 124/365 (1958-05-04 00:00:00+00:00)
2017-08-22 15:02:29,783 - model - DEBUG - timestep: 125/365 (1958-05-05 00:00:00+00:00)
2017-08-22 15:02:34,085 - model - DEBUG - timestep: 126/365 (1958-05-06 00:00:00+00:00)
2017-08-22 15:02:38,563 - model - DEBUG - timestep: 127/365 (1958-05-07 00:00:00+00:00)
2017-08-22 15:02:43,000 - model - DEBUG - timestep: 128/365 (1958-05-08 00:00:00+00:00)
2017-08-22 15:02:47,217 - model - DEBUG - timestep: 129/365 (1958-05-09 00:00:00+00:00)
2017-08-22 15:02:51,500 - model - DEBUG - timestep: 130/365 (1958-05-10 00:00:00+00:00)
2017-08-22 15:02:55,671 - model - DEBUG - timestep: 131/365 (1958-05-11 00:00:00+00:00)
2017-08-22 15:02:59,844 - model - DEBUG - timestep: 132/365 (1958-05-12 00:00:00+00:00)
2017-08-22 15:03:04,250 - model - DEBUG - timestep: 133/365 (1958-05-13 00:00:00+00:00)
2017-08-22 15:03:09,233 - model - DEBUG - timestep: 134/365 (1958-05-14 00:00:00+00:00)
2017-08-22 15:03:13,928 - model - DEBUG - timestep: 135/365 (1958-05-15 00:00:00+00:00)
2017-08-22 15:03:18,388 - model - DEBUG - timestep: 136/365 (1958-05-16 00:00:00+00:00)
2017-08-22 15:03:22,851 - model - DEBUG - timestep: 137/365 (1958-05-17 00:00:00+00:00)
2017-08-22 15:03:27,198 - model - DEBUG - timestep: 138/365 (1958-05-18 00:00:00+00:00)
2017-08-22 15:03:31,736 - model - DEBUG - timestep: 139/365 (1958-05-19 00:00:00+00:00)
2017-08-22 15:03:36,028 - model - DEBUG - timestep: 140/365 (1958-05-20 00:00:00+00:00)
2017-08-22 15:03:40,417 - model - DEBUG - timestep: 141/365 (1958-05-21 00:00:00+00:00)
2017-08-22 15:03:44,818 - model - DEBUG - timestep: 142/365 (1958-05-22 00:00:00+00:00)
2017-08-22 15:03:49,180 - model - DEBUG - timestep: 143/365 (1958-05-23 00:00:00+00:00)
2017-08-22 15:03:53,512 - model - DEBUG - timestep: 144/365 (1958-05-24 00:00:00+00:00)
2017-08-22 15:03:57,834 - model - DEBUG - timestep: 145/365 (1958-05-25 00:00:00+00:00)
2017-08-22 15:04:02,062 - model - DEBUG - timestep: 146/365 (1958-05-26 00:00:00+00:00)
2017-08-22 15:04:06,334 - model - DEBUG - timestep: 147/365 (1958-05-27 00:00:00+00:00)
2017-08-22 15:04:10,684 - model - DEBUG - timestep: 148/365 (1958-05-28 00:00:00+00:00)
2017-08-22 15:04:14,950 - model - DEBUG - timestep: 149/365 (1958-05-29 00:00:00+00:00)
2017-08-22 15:04:19,158 - model - DEBUG - timestep: 150/365 (1958-05-30 00:00:00+00:00)
2017-08-22 15:04:23,509 - model - DEBUG - timestep: 151/365 (1958-05-31 00:00:00+00:00)
2017-08-22 15:04:27,818 - model - DEBUG - timestep: 152/365 (1958-06-01 00:00:00+00:00)
2017-08-22 15:04:32,180 - model - DEBUG - timestep: 153/365 (1958-06-02 00:00:00+00:00)
2017-08-22 15:04:36,533 - model - DEBUG - timestep: 154/365 (1958-06-03 00:00:00+00:00)
2017-08-22 15:04:40,907 - model - DEBUG - timestep: 155/365 (1958-06-04 00:00:00+00:00)
2017-08-22 15:04:45,301 - model - DEBUG - timestep: 156/365 (1958-06-05 00:00:00+00:00)
2017-08-22 15:04:49,801 - model - DEBUG - timestep: 157/365 (1958-06-06 00:00:00+00:00)
2017-08-22 15:04:54,217 - model - DEBUG - timestep: 158/365 (1958-06-07 00:00:00+00:00)
2017-08-22 15:04:58,642 - model - DEBUG - timestep: 159/365 (1958-06-08 00:00:00+00:00)
2017-08-22 15:05:03,084 - model - DEBUG - timestep: 160/365 (1958-06-09 00:00:00+00:00)
2017-08-22 15:05:07,483 - model - DEBUG - timestep: 161/365 (1958-06-10 00:00:00+00:00)
2017-08-22 15:05:11,901 - model - DEBUG - timestep: 162/365 (1958-06-11 00:00:00+00:00)
2017-08-22 15:05:16,318 - model - DEBUG - timestep: 163/365 (1958-06-12 00:00:00+00:00)
2017-08-22 15:05:20,684 - model - DEBUG - timestep: 164/365 (1958-06-13 00:00:00+00:00)
2017-08-22 15:05:25,051 - model - DEBUG - timestep: 165/365 (1958-06-14 00:00:00+00:00)
2017-08-22 15:05:29,549 - model - DEBUG - timestep: 166/365 (1958-06-15 00:00:00+00:00)
2017-08-22 15:05:33,960 - model - DEBUG - timestep: 167/365 (1958-06-16 00:00:00+00:00)
2017-08-22 15:05:38,552 - model - DEBUG - timestep: 168/365 (1958-06-17 00:00:00+00:00)
2017-08-22 15:05:43,084 - model - DEBUG - timestep: 169/365 (1958-06-18 00:00:00+00:00)
2017-08-22 15:05:47,450 - model - DEBUG - timestep: 170/365 (1958-06-19 00:00:00+00:00)
2017-08-22 15:05:51,766 - model - DEBUG - timestep: 171/365 (1958-06-20 00:00:00+00:00)
2017-08-22 15:05:55,953 - model - DEBUG - timestep: 172/365 (1958-06-21 00:00:00+00:00)
2017-08-22 15:06:00,101 - model - DEBUG - timestep: 173/365 (1958-06-22 00:00:00+00:00)
2017-08-22 15:06:04,384 - model - DEBUG - timestep: 174/365 (1958-06-23 00:00:00+00:00)
2017-08-22 15:06:08,717 - model - DEBUG - timestep: 175/365 (1958-06-24 00:00:00+00:00)
2017-08-22 15:06:12,934 - model - DEBUG - timestep: 176/365 (1958-06-25 00:00:00+00:00)
2017-08-22 15:06:17,151 - model - DEBUG - timestep: 177/365 (1958-06-26 00:00:00+00:00)
2017-08-22 15:06:21,417 - model - DEBUG - timestep: 178/365 (1958-06-27 00:00:00+00:00)
2017-08-22 15:06:25,601 - model - DEBUG - timestep: 179/365 (1958-06-28 00:00:00+00:00)
2017-08-22 15:06:29,835 - model - DEBUG - timestep: 180/365 (1958-06-29 00:00:00+00:00)
2017-08-22 15:06:34,051 - model - DEBUG - timestep: 181/365 (1958-06-30 00:00:00+00:00)
2017-08-22 15:06:38,267 - model - DEBUG - timestep: 182/365 (1958-07-01 00:00:00+00:00)
2017-08-22 15:06:42,568 - model - DEBUG - timestep: 183/365 (1958-07-02 00:00:00+00:00)
2017-08-22 15:06:46,835 - model - DEBUG - timestep: 184/365 (1958-07-03 00:00:00+00:00)
2017-08-22 15:06:51,096 - model - DEBUG - timestep: 185/365 (1958-07-04 00:00:00+00:00)
2017-08-22 15:06:55,368 - model - DEBUG - timestep: 186/365 (1958-07-05 00:00:00+00:00)
2017-08-22 15:06:59,700 - model - DEBUG - timestep: 187/365 (1958-07-06 00:00:00+00:00)
2017-08-22 15:07:04,023 - model - DEBUG - timestep: 188/365 (1958-07-07 00:00:00+00:00)
2017-08-22 15:07:08,285 - model - DEBUG - timestep: 189/365 (1958-07-08 00:00:00+00:00)
2017-08-22 15:07:12,548 - model - DEBUG - timestep: 190/365 (1958-07-09 00:00:00+00:00)
2017-08-22 15:07:16,767 - model - DEBUG - timestep: 191/365 (1958-07-10 00:00:00+00:00)
2017-08-22 15:07:20,979 - model - DEBUG - timestep: 192/365 (1958-07-11 00:00:00+00:00)
2017-08-22 15:07:25,283 - model - DEBUG - timestep: 193/365 (1958-07-12 00:00:00+00:00)
2017-08-22 15:07:29,517 - model - DEBUG - timestep: 194/365 (1958-07-13 00:00:00+00:00)
2017-08-22 15:07:33,836 - model - DEBUG - timestep: 195/365 (1958-07-14 00:00:00+00:00)
2017-08-22 15:07:38,112 - model - DEBUG - timestep: 196/365 (1958-07-15 00:00:00+00:00)
2017-08-22 15:07:42,384 - model - DEBUG - timestep: 197/365 (1958-07-16 00:00:00+00:00)
2017-08-22 15:07:46,551 - model - DEBUG - timestep: 198/365 (1958-07-17 00:00:00+00:00)
2017-08-22 15:07:50,720 - model - DEBUG - timestep: 199/365 (1958-07-18 00:00:00+00:00)
2017-08-22 15:07:54,868 - model - DEBUG - timestep: 200/365 (1958-07-19 00:00:00+00:00)
2017-08-22 15:07:59,023 - model - DEBUG - timestep: 201/365 (1958-07-20 00:00:00+00:00)
2017-08-22 15:08:03,285 - model - DEBUG - timestep: 202/365 (1958-07-21 00:00:00+00:00)
2017-08-22 15:08:07,568 - model - DEBUG - timestep: 203/365 (1958-07-22 00:00:00+00:00)
2017-08-22 15:08:12,167 - model - DEBUG - timestep: 204/365 (1958-07-23 00:00:00+00:00)
2017-08-22 15:08:16,467 - model - DEBUG - timestep: 205/365 (1958-07-24 00:00:00+00:00)
2017-08-22 15:08:20,767 - model - DEBUG - timestep: 206/365 (1958-07-25 00:00:00+00:00)
2017-08-22 15:08:25,516 - model - DEBUG - timestep: 207/365 (1958-07-26 00:00:00+00:00)
2017-08-22 15:08:29,673 - model - DEBUG - timestep: 208/365 (1958-07-27 00:00:00+00:00)
2017-08-22 15:08:33,848 - model - DEBUG - timestep: 209/365 (1958-07-28 00:00:00+00:00)
2017-08-22 15:08:38,022 - model - DEBUG - timestep: 210/365 (1958-07-29 00:00:00+00:00)
2017-08-22 15:08:42,213 - model - DEBUG - timestep: 211/365 (1958-07-30 00:00:00+00:00)
2017-08-22 15:08:46,401 - model - DEBUG - timestep: 212/365 (1958-07-31 00:00:00+00:00)
2017-08-22 15:08:50,565 - model - DEBUG - timestep: 213/365 (1958-08-01 00:00:00+00:00)
2017-08-22 15:08:54,750 - model - DEBUG - timestep: 214/365 (1958-08-02 00:00:00+00:00)
2017-08-22 15:08:59,101 - model - DEBUG - timestep: 215/365 (1958-08-03 00:00:00+00:00)
2017-08-22 15:09:03,351 - model - DEBUG - timestep: 216/365 (1958-08-04 00:00:00+00:00)
2017-08-22 15:09:07,684 - model - DEBUG - timestep: 217/365 (1958-08-05 00:00:00+00:00)
2017-08-22 15:09:11,901 - model - DEBUG - timestep: 218/365 (1958-08-06 00:00:00+00:00)
2017-08-22 15:09:16,111 - model - DEBUG - timestep: 219/365 (1958-08-07 00:00:00+00:00)
2017-08-22 15:09:20,267 - model - DEBUG - timestep: 220/365 (1958-08-08 00:00:00+00:00)
2017-08-22 15:09:24,417 - model - DEBUG - timestep: 221/365 (1958-08-09 00:00:00+00:00)
2017-08-22 15:09:28,578 - model - DEBUG - timestep: 222/365 (1958-08-10 00:00:00+00:00)
2017-08-22 15:09:32,753 - model - DEBUG - timestep: 223/365 (1958-08-11 00:00:00+00:00)
2017-08-22 15:09:36,895 - model - DEBUG - timestep: 224/365 (1958-08-12 00:00:00+00:00)
2017-08-22 15:09:41,048 - model - DEBUG - timestep: 225/365 (1958-08-13 00:00:00+00:00)
2017-08-22 15:09:45,204 - model - DEBUG - timestep: 226/365 (1958-08-14 00:00:00+00:00)
2017-08-22 15:09:49,367 - model - DEBUG - timestep: 227/365 (1958-08-15 00:00:00+00:00)
2017-08-22 15:09:53,548 - model - DEBUG - timestep: 228/365 (1958-08-16 00:00:00+00:00)
2017-08-22 15:09:57,720 - model - DEBUG - timestep: 229/365 (1958-08-17 00:00:00+00:00)
2017-08-22 15:10:01,901 - model - DEBUG - timestep: 230/365 (1958-08-18 00:00:00+00:00)
2017-08-22 15:10:06,049 - model - DEBUG - timestep: 231/365 (1958-08-19 00:00:00+00:00)
2017-08-22 15:10:10,285 - model - DEBUG - timestep: 232/365 (1958-08-20 00:00:00+00:00)
2017-08-22 15:10:14,551 - model - DEBUG - timestep: 233/365 (1958-08-21 00:00:00+00:00)
2017-08-22 15:10:18,785 - model - DEBUG - timestep: 234/365 (1958-08-22 00:00:00+00:00)
2017-08-22 15:10:23,101 - model - DEBUG - timestep: 235/365 (1958-08-23 00:00:00+00:00)
2017-08-22 15:10:27,450 - model - DEBUG - timestep: 236/365 (1958-08-24 00:00:00+00:00)
2017-08-22 15:10:31,717 - model - DEBUG - timestep: 237/365 (1958-08-25 00:00:00+00:00)
2017-08-22 15:10:35,984 - model - DEBUG - timestep: 238/365 (1958-08-26 00:00:00+00:00)
2017-08-22 15:10:40,285 - model - DEBUG - timestep: 239/365 (1958-08-27 00:00:00+00:00)
2017-08-22 15:10:44,684 - model - DEBUG - timestep: 240/365 (1958-08-28 00:00:00+00:00)
2017-08-22 15:10:48,934 - model - DEBUG - timestep: 241/365 (1958-08-29 00:00:00+00:00)
2017-08-22 15:10:53,196 - model - DEBUG - timestep: 242/365 (1958-08-30 00:00:00+00:00)
2017-08-22 15:10:57,484 - model - DEBUG - timestep: 243/365 (1958-08-31 00:00:00+00:00)
2017-08-22 15:11:01,734 - model - DEBUG - timestep: 244/365 (1958-09-01 00:00:00+00:00)
2017-08-22 15:11:06,017 - model - DEBUG - timestep: 245/365 (1958-09-02 00:00:00+00:00)
2017-08-22 15:11:10,351 - model - DEBUG - timestep: 246/365 (1958-09-03 00:00:00+00:00)
2017-08-22 15:11:14,684 - model - DEBUG - timestep: 247/365 (1958-09-04 00:00:00+00:00)
2017-08-22 15:11:19,084 - model - DEBUG - timestep: 248/365 (1958-09-05 00:00:00+00:00)
2017-08-22 15:11:23,500 - model - DEBUG - timestep: 249/365 (1958-09-06 00:00:00+00:00)
2017-08-22 15:11:27,934 - model - DEBUG - timestep: 250/365 (1958-09-07 00:00:00+00:00)
2017-08-22 15:11:32,367 - model - DEBUG - timestep: 251/365 (1958-09-08 00:00:00+00:00)
2017-08-22 15:11:36,801 - model - DEBUG - timestep: 252/365 (1958-09-09 00:00:00+00:00)
2017-08-22 15:11:41,217 - model - DEBUG - timestep: 253/365 (1958-09-10 00:00:00+00:00)
2017-08-22 15:11:45,584 - model - DEBUG - timestep: 254/365 (1958-09-11 00:00:00+00:00)
2017-08-22 15:11:49,950 - model - DEBUG - timestep: 255/365 (1958-09-12 00:00:00+00:00)
2017-08-22 15:11:54,308 - model - DEBUG - timestep: 256/365 (1958-09-13 00:00:00+00:00)
2017-08-22 15:11:58,584 - model - DEBUG - timestep: 257/365 (1958-09-14 00:00:00+00:00)
2017-08-22 15:12:02,868 - model - DEBUG - timestep: 258/365 (1958-09-15 00:00:00+00:00)
2017-08-22 15:12:07,134 - model - DEBUG - timestep: 259/365 (1958-09-16 00:00:00+00:00)
2017-08-22 15:12:11,417 - model - DEBUG - timestep: 260/365 (1958-09-17 00:00:00+00:00)
2017-08-22 15:12:15,684 - model - DEBUG - timestep: 261/365 (1958-09-18 00:00:00+00:00)
2017-08-22 15:12:19,967 - model - DEBUG - timestep: 262/365 (1958-09-19 00:00:00+00:00)
2017-08-22 15:12:24,240 - model - DEBUG - timestep: 263/365 (1958-09-20 00:00:00+00:00)
2017-08-22 15:12:28,517 - model - DEBUG - timestep: 264/365 (1958-09-21 00:00:00+00:00)
2017-08-22 15:12:32,801 - model - DEBUG - timestep: 265/365 (1958-09-22 00:00:00+00:00)
2017-08-22 15:12:37,118 - model - DEBUG - timestep: 266/365 (1958-09-23 00:00:00+00:00)
2017-08-22 15:12:41,450 - model - DEBUG - timestep: 267/365 (1958-09-24 00:00:00+00:00)
2017-08-22 15:12:45,801 - model - DEBUG - timestep: 268/365 (1958-09-25 00:00:00+00:00)
2017-08-22 15:12:50,134 - model - DEBUG - timestep: 269/365 (1958-09-26 00:00:00+00:00)
2017-08-22 15:12:54,493 - model - DEBUG - timestep: 270/365 (1958-09-27 00:00:00+00:00)
2017-08-22 15:12:58,849 - model - DEBUG - timestep: 271/365 (1958-09-28 00:00:00+00:00)
2017-08-22 15:13:03,276 - model - DEBUG - timestep: 272/365 (1958-09-29 00:00:00+00:00)
2017-08-22 15:13:07,651 - model - DEBUG - timestep: 273/365 (1958-09-30 00:00:00+00:00)
2017-08-22 15:13:12,000 - model - DEBUG - timestep: 274/365 (1958-10-01 00:00:00+00:00)
2017-08-22 15:13:16,351 - model - DEBUG - timestep: 275/365 (1958-10-02 00:00:00+00:00)
2017-08-22 15:13:20,711 - model - DEBUG - timestep: 276/365 (1958-10-03 00:00:00+00:00)
2017-08-22 15:13:25,068 - model - DEBUG - timestep: 277/365 (1958-10-04 00:00:00+00:00)
2017-08-22 15:13:29,417 - model - DEBUG - timestep: 278/365 (1958-10-05 00:00:00+00:00)
2017-08-22 15:13:33,832 - model - DEBUG - timestep: 279/365 (1958-10-06 00:00:00+00:00)
2017-08-22 15:13:38,250 - model - DEBUG - timestep: 280/365 (1958-10-07 00:00:00+00:00)
2017-08-22 15:13:42,700 - model - DEBUG - timestep: 281/365 (1958-10-08 00:00:00+00:00)
2017-08-22 15:13:47,200 - model - DEBUG - timestep: 282/365 (1958-10-09 00:00:00+00:00)
2017-08-22 15:13:51,704 - model - DEBUG - timestep: 283/365 (1958-10-10 00:00:00+00:00)
2017-08-22 15:13:56,184 - model - DEBUG - timestep: 284/365 (1958-10-11 00:00:00+00:00)
2017-08-22 15:14:00,634 - model - DEBUG - timestep: 285/365 (1958-10-12 00:00:00+00:00)
2017-08-22 15:14:05,068 - model - DEBUG - timestep: 286/365 (1958-10-13 00:00:00+00:00)
2017-08-22 15:14:09,473 - model - DEBUG - timestep: 287/365 (1958-10-14 00:00:00+00:00)
2017-08-22 15:14:13,884 - model - DEBUG - timestep: 288/365 (1958-10-15 00:00:00+00:00)
2017-08-22 15:14:18,309 - model - DEBUG - timestep: 289/365 (1958-10-16 00:00:00+00:00)
2017-08-22 15:14:22,750 - model - DEBUG - timestep: 290/365 (1958-10-17 00:00:00+00:00)
2017-08-22 15:14:27,250 - model - DEBUG - timestep: 291/365 (1958-10-18 00:00:00+00:00)
2017-08-22 15:14:31,717 - model - DEBUG - timestep: 292/365 (1958-10-19 00:00:00+00:00)
2017-08-22 15:14:36,207 - model - DEBUG - timestep: 293/365 (1958-10-20 00:00:00+00:00)
2017-08-22 15:14:40,688 - model - DEBUG - timestep: 294/365 (1958-10-21 00:00:00+00:00)
2017-08-22 15:14:45,151 - model - DEBUG - timestep: 295/365 (1958-10-22 00:00:00+00:00)
2017-08-22 15:14:49,634 - model - DEBUG - timestep: 296/365 (1958-10-23 00:00:00+00:00)
2017-08-22 15:14:54,055 - model - DEBUG - timestep: 297/365 (1958-10-24 00:00:00+00:00)
2017-08-22 15:14:58,500 - model - DEBUG - timestep: 298/365 (1958-10-25 00:00:00+00:00)
2017-08-22 15:15:02,950 - model - DEBUG - timestep: 299/365 (1958-10-26 00:00:00+00:00)
2017-08-22 15:15:07,417 - model - DEBUG - timestep: 300/365 (1958-10-27 00:00:00+00:00)
2017-08-22 15:15:11,917 - model - DEBUG - timestep: 301/365 (1958-10-28 00:00:00+00:00)
2017-08-22 15:15:16,434 - model - DEBUG - timestep: 302/365 (1958-10-29 00:00:00+00:00)
2017-08-22 15:15:20,900 - model - DEBUG - timestep: 303/365 (1958-10-30 00:00:00+00:00)
2017-08-22 15:15:25,351 - model - DEBUG - timestep: 304/365 (1958-10-31 00:00:00+00:00)
2017-08-22 15:15:29,801 - model - DEBUG - timestep: 305/365 (1958-11-01 00:00:00+00:00)
2017-08-22 15:15:34,250 - model - DEBUG - timestep: 306/365 (1958-11-02 00:00:00+00:00)
2017-08-22 15:15:38,700 - model - DEBUG - timestep: 307/365 (1958-11-03 00:00:00+00:00)
2017-08-22 15:15:43,118 - model - DEBUG - timestep: 308/365 (1958-11-04 00:00:00+00:00)
2017-08-22 15:15:47,533 - model - DEBUG - timestep: 309/365 (1958-11-05 00:00:00+00:00)
2017-08-22 15:15:51,917 - model - DEBUG - timestep: 310/365 (1958-11-06 00:00:00+00:00)
2017-08-22 15:15:56,302 - model - DEBUG - timestep: 311/365 (1958-11-07 00:00:00+00:00)
2017-08-22 15:16:00,717 - model - DEBUG - timestep: 312/365 (1958-11-08 00:00:00+00:00)
2017-08-22 15:16:05,086 - model - DEBUG - timestep: 313/365 (1958-11-09 00:00:00+00:00)
2017-08-22 15:16:09,484 - model - DEBUG - timestep: 314/365 (1958-11-10 00:00:00+00:00)
2017-08-22 15:16:13,851 - model - DEBUG - timestep: 315/365 (1958-11-11 00:00:00+00:00)
2017-08-22 15:16:18,226 - model - DEBUG - timestep: 316/365 (1958-11-12 00:00:00+00:00)
2017-08-22 15:16:22,568 - model - DEBUG - timestep: 317/365 (1958-11-13 00:00:00+00:00)
2017-08-22 15:16:26,947 - model - DEBUG - timestep: 318/365 (1958-11-14 00:00:00+00:00)
2017-08-22 15:16:31,301 - model - DEBUG - timestep: 319/365 (1958-11-15 00:00:00+00:00)
2017-08-22 15:16:35,641 - model - DEBUG - timestep: 320/365 (1958-11-16 00:00:00+00:00)
2017-08-22 15:16:40,000 - model - DEBUG - timestep: 321/365 (1958-11-17 00:00:00+00:00)
2017-08-22 15:16:44,335 - model - DEBUG - timestep: 322/365 (1958-11-18 00:00:00+00:00)
2017-08-22 15:16:48,684 - model - DEBUG - timestep: 323/365 (1958-11-19 00:00:00+00:00)
2017-08-22 15:16:53,035 - model - DEBUG - timestep: 324/365 (1958-11-20 00:00:00+00:00)
2017-08-22 15:16:57,417 - model - DEBUG - timestep: 325/365 (1958-11-21 00:00:00+00:00)
2017-08-22 15:17:01,801 - model - DEBUG - timestep: 326/365 (1958-11-22 00:00:00+00:00)
2017-08-22 15:17:06,184 - model - DEBUG - timestep: 327/365 (1958-11-23 00:00:00+00:00)
2017-08-22 15:17:10,598 - model - DEBUG - timestep: 328/365 (1958-11-24 00:00:00+00:00)
2017-08-22 15:17:14,983 - model - DEBUG - timestep: 329/365 (1958-11-25 00:00:00+00:00)
2017-08-22 15:17:19,384 - model - DEBUG - timestep: 330/365 (1958-11-26 00:00:00+00:00)
2017-08-22 15:17:23,767 - model - DEBUG - timestep: 331/365 (1958-11-27 00:00:00+00:00)
2017-08-22 15:17:28,151 - model - DEBUG - timestep: 332/365 (1958-11-28 00:00:00+00:00)
2017-08-22 15:17:32,532 - model - DEBUG - timestep: 333/365 (1958-11-29 00:00:00+00:00)
2017-08-22 15:17:36,868 - model - DEBUG - timestep: 334/365 (1958-11-30 00:00:00+00:00)
2017-08-22 15:17:41,180 - model - DEBUG - timestep: 335/365 (1958-12-01 00:00:00+00:00)
2017-08-22 15:17:45,532 - model - DEBUG - timestep: 336/365 (1958-12-02 00:00:00+00:00)
2017-08-22 15:17:49,842 - model - DEBUG - timestep: 337/365 (1958-12-03 00:00:00+00:00)
2017-08-22 15:17:54,148 - model - DEBUG - timestep: 338/365 (1958-12-04 00:00:00+00:00)
2017-08-22 15:17:58,434 - model - DEBUG - timestep: 339/365 (1958-12-05 00:00:00+00:00)
2017-08-22 15:18:02,746 - model - DEBUG - timestep: 340/365 (1958-12-06 00:00:00+00:00)
2017-08-22 15:18:07,051 - model - DEBUG - timestep: 341/365 (1958-12-07 00:00:00+00:00)
2017-08-22 15:18:11,351 - model - DEBUG - timestep: 342/365 (1958-12-08 00:00:00+00:00)
2017-08-22 15:18:15,651 - model - DEBUG - timestep: 343/365 (1958-12-09 00:00:00+00:00)
2017-08-22 15:18:19,934 - model - DEBUG - timestep: 344/365 (1958-12-10 00:00:00+00:00)
2017-08-22 15:18:24,184 - model - DEBUG - timestep: 345/365 (1958-12-11 00:00:00+00:00)
2017-08-22 15:18:28,450 - model - DEBUG - timestep: 346/365 (1958-12-12 00:00:00+00:00)
2017-08-22 15:18:32,734 - model - DEBUG - timestep: 347/365 (1958-12-13 00:00:00+00:00)
2017-08-22 15:18:37,026 - model - DEBUG - timestep: 348/365 (1958-12-14 00:00:00+00:00)
2017-08-22 15:18:41,285 - model - DEBUG - timestep: 349/365 (1958-12-15 00:00:00+00:00)
2017-08-22 15:18:45,563 - model - DEBUG - timestep: 350/365 (1958-12-16 00:00:00+00:00)
2017-08-22 15:18:49,845 - model - DEBUG - timestep: 351/365 (1958-12-17 00:00:00+00:00)
2017-08-22 15:18:54,115 - model - DEBUG - timestep: 352/365 (1958-12-18 00:00:00+00:00)
2017-08-22 15:18:58,351 - model - DEBUG - timestep: 353/365 (1958-12-19 00:00:00+00:00)
2017-08-22 15:19:02,634 - model - DEBUG - timestep: 354/365 (1958-12-20 00:00:00+00:00)
2017-08-22 15:19:06,913 - model - DEBUG - timestep: 355/365 (1958-12-21 00:00:00+00:00)
2017-08-22 15:19:11,167 - model - DEBUG - timestep: 356/365 (1958-12-22 00:00:00+00:00)
2017-08-22 15:19:15,434 - model - DEBUG - timestep: 357/365 (1958-12-23 00:00:00+00:00)
2017-08-22 15:19:19,684 - model - DEBUG - timestep: 358/365 (1958-12-24 00:00:00+00:00)
2017-08-22 15:19:23,950 - model - DEBUG - timestep: 359/365 (1958-12-25 00:00:00+00:00)
2017-08-22 15:19:28,200 - model - DEBUG - timestep: 360/365 (1958-12-26 00:00:00+00:00)
2017-08-22 15:19:32,484 - model - DEBUG - timestep: 361/365 (1958-12-27 00:00:00+00:00)
2017-08-22 15:19:36,750 - model - DEBUG - timestep: 362/365 (1958-12-28 00:00:00+00:00)
2017-08-22 15:19:41,051 - model - DEBUG - timestep: 363/365 (1958-12-29 00:00:00+00:00)
2017-08-22 15:19:45,318 - model - DEBUG - timestep: 364/365 (1958-12-30 00:00:00+00:00)
2017-08-22 15:19:49,812 - model - DEBUG - timestep: 365/365 (1958-12-31 00:00:00+00:00)
2017-08-22 15:19:49,813 - model - INFO - Saving initial conditions...
2017-08-22 15:19:49,930 - model - INFO - Saving summary maps to disk...
